<?xml version="1.0" encoding="UTF-8"?>
<TestRun id="3bfb9a35-25e8-4f92-a7d3-6c7728cabbe5" name="Tony@MONKEY-PC 2009-09-14 09:45:24" runUser="Monkey-PC\Tony" xmlns="http://microsoft.com/schemas/VisualStudio/TeamTest/2006">
  <TestRunConfiguration name="Default Run Configuration" id="b40b19cd-7aa6-4dce-a9e6-a799b82163b4">
    <Deployment runDeploymentRoot="C:\Development\Calculator\Calculator.Tests\bin\Debug\TestResults\Tony_MONKEY-PC 2009-09-14 09_45_24" />
    <Hosts skipUnhostableTests="false" />
    <TestTypeSpecific />
  </TestRunConfiguration>
  <ResultSummary outcome="Failed">
    <Counters total="5" executed="5" passed="3" error="0" failed="1" timeout="0" aborted="0" inconclusive="1" passedButRunAborted="0" notRunnable="0" notExecuted="0" disconnected="0" warning="0" completed="0" inProgress="0" pending="0" />
  </ResultSummary>
  <Times creation="2009-09-14T09:45:24.0440000+01:00" queuing="2009-09-14T09:45:25.3120000+01:00" start="2009-09-14T09:45:25.4840000+01:00" finish="2009-09-14T09:45:26.0050000+01:00" />
  <TestDefinitions>
    <UnitTest name="CalculatorViewModelConstructorTest" storage="c:\development\calculator\calculator.tests\bin\debug\calculator.tests.dll" id="157b228c-46e5-bdac-563c-742fddf44fe9">
      <Css projectStructure="" iteration="" />
      <Execution timeOut="1800000" id="44d430a9-664e-4929-b6ca-812a57676361" />
      <Owners>
        <Owner name="" />
      </Owners>
      <TestMethod codeBase="C:/Development/Calculator/Calculator.Tests/bin/Debug/Calculator.Tests.dll" adapterTypeName="Microsoft.VisualStudio.TestTools.TestTypes.Unit.UnitTestAdapter, Microsoft.VisualStudio.QualityTools.Tips.UnitTest.Adapter" className="Calculator.Tests.CalculatorViewModelTest, Calculator.Tests, Version=1.0.0.0, Culture=neutral, PublicKeyToken=null" name="CalculatorViewModelConstructorTest" />
    </UnitTest>
    <UnitTest name="ConstructorTestParams_InitialisesCorrectly" storage="c:\development\calculator\calculator.tests\bin\debug\calculator.tests.dll" id="2ceebad1-e7ab-8451-a17c-6992332f96c9">
      <Css projectStructure="" iteration="" />
      <Execution timeOut="1800000" id="7ea4a4d8-d7d4-4f3c-8ee5-8589d0b3623b" />
      <Owners>
        <Owner name="" />
      </Owners>
      <TestMethod codeBase="C:/Development/Calculator/Calculator.Tests/bin/Debug/Calculator.Tests.dll" adapterTypeName="Microsoft.VisualStudio.TestTools.TestTypes.Unit.UnitTestAdapter, Microsoft.VisualStudio.QualityTools.Tips.UnitTest.Adapter" className="Calculator.Tests.CalculationModelTest, Calculator.Tests, Version=1.0.0.0, Culture=neutral, PublicKeyToken=null" name="ConstructorTestParams_InitialisesCorrectly" />
    </UnitTest>
    <UnitTest name="OperationTest_InvalidArgument" storage="c:\development\calculator\calculator.tests\bin\debug\calculator.tests.dll" id="05d28d50-2f3a-0ffd-856a-43ffcda9702a">
      <Css projectStructure="" iteration="" />
      <Execution timeOut="1800000" id="e088368d-65d8-48bf-bbbb-3d05f24cdb15" />
      <Owners>
        <Owner name="" />
      </Owners>
      <TestMethod codeBase="C:/Development/Calculator/Calculator.Tests/bin/Debug/Calculator.Tests.dll" adapterTypeName="Microsoft.VisualStudio.TestTools.TestTypes.Unit.UnitTestAdapter, Microsoft.VisualStudio.QualityTools.Tips.UnitTest.Adapter" className="Calculator.Tests.CalculationModelTest, Calculator.Tests, Version=1.0.0.0, Culture=neutral, PublicKeyToken=null" name="OperationTest_InvalidArgument" />
    </UnitTest>
    <UnitTest name="ConstructorTestNoParams_InitialisesCorrectly" storage="c:\development\calculator\calculator.tests\bin\debug\calculator.tests.dll" id="1ea68370-49a0-1703-37b1-34e96d5ea1dc">
      <Css projectStructure="" iteration="" />
      <Execution timeOut="1800000" id="5db828fa-067c-41ed-ae44-e69459ee73b8" />
      <Owners>
        <Owner name="" />
      </Owners>
      <TestMethod codeBase="C:/Development/Calculator/Calculator.Tests/bin/Debug/Calculator.Tests.dll" adapterTypeName="Microsoft.VisualStudio.TestTools.TestTypes.Unit.UnitTestAdapter, Microsoft.VisualStudio.QualityTools.Tips.UnitTest.Adapter" className="Calculator.Tests.CalculationModelTest, Calculator.Tests, Version=1.0.0.0, Culture=neutral, PublicKeyToken=null" name="ConstructorTestNoParams_InitialisesCorrectly" />
    </UnitTest>
    <UnitTest name="OperationTest_AddsCorrectly" storage="c:\development\calculator\calculator.tests\bin\debug\calculator.tests.dll" id="789e4d8d-8cae-d3e4-e44f-8c4a3c580c2d">
      <Css projectStructure="" iteration="" />
      <Execution timeOut="1800000" id="920b9497-ef35-4eef-992b-b7989fbe24ae" />
      <Owners>
        <Owner name="" />
      </Owners>
      <TestMethod codeBase="C:/Development/Calculator/Calculator.Tests/bin/Debug/Calculator.Tests.dll" adapterTypeName="Microsoft.VisualStudio.TestTools.TestTypes.Unit.UnitTestAdapter, Microsoft.VisualStudio.QualityTools.Tips.UnitTest.Adapter" className="Calculator.Tests.CalculationModelTest, Calculator.Tests, Version=1.0.0.0, Culture=neutral, PublicKeyToken=null" name="OperationTest_AddsCorrectly" />
    </UnitTest>
  </TestDefinitions>
  <TestLists>
    <TestList name="Results Not in a List" id="8c84fa94-04c1-424b-9868-57a2d4851a1d" />
    <TestList name="All Loaded Results" id="19431567-8539-422a-85d7-44ee4e166bda" />
  </TestLists>
  <TestEntries>
    <TestEntry testId="1ea68370-49a0-1703-37b1-34e96d5ea1dc" executionId="5db828fa-067c-41ed-ae44-e69459ee73b8" testListId="8c84fa94-04c1-424b-9868-57a2d4851a1d" />
    <TestEntry testId="2ceebad1-e7ab-8451-a17c-6992332f96c9" executionId="7ea4a4d8-d7d4-4f3c-8ee5-8589d0b3623b" testListId="8c84fa94-04c1-424b-9868-57a2d4851a1d" />
    <TestEntry testId="789e4d8d-8cae-d3e4-e44f-8c4a3c580c2d" executionId="920b9497-ef35-4eef-992b-b7989fbe24ae" testListId="8c84fa94-04c1-424b-9868-57a2d4851a1d" />
    <TestEntry testId="05d28d50-2f3a-0ffd-856a-43ffcda9702a" executionId="e088368d-65d8-48bf-bbbb-3d05f24cdb15" testListId="8c84fa94-04c1-424b-9868-57a2d4851a1d" />
    <TestEntry testId="157b228c-46e5-bdac-563c-742fddf44fe9" executionId="44d430a9-664e-4929-b6ca-812a57676361" testListId="8c84fa94-04c1-424b-9868-57a2d4851a1d" />
  </TestEntries>
  <Results>
    <UnitTestResult executionId="5db828fa-067c-41ed-ae44-e69459ee73b8" testId="1ea68370-49a0-1703-37b1-34e96d5ea1dc" testName="ConstructorTestNoParams_InitialisesCorrectly" computerName="MONKEY-PC" duration="00:00:00.0429067" startTime="2009-09-14T09:45:25.5430000+01:00" endTime="2009-09-14T09:45:25.7530000+01:00" testType="13cdc9d9-ddb5-4fa4-a97d-d965ccfc6d4b" outcome="Passed" testListId="8c84fa94-04c1-424b-9868-57a2d4851a1d">
      <Output>
      </Output>
    </UnitTestResult>
    <UnitTestResult executionId="7ea4a4d8-d7d4-4f3c-8ee5-8589d0b3623b" testId="2ceebad1-e7ab-8451-a17c-6992332f96c9" testName="ConstructorTestParams_InitialisesCorrectly" computerName="MONKEY-PC" duration="00:00:00.0018305" startTime="2009-09-14T09:45:25.8130000+01:00" endTime="2009-09-14T09:45:25.8180000+01:00" testType="13cdc9d9-ddb5-4fa4-a97d-d965ccfc6d4b" outcome="Passed" testListId="8c84fa94-04c1-424b-9868-57a2d4851a1d">
      <Output>
      </Output>
    </UnitTestResult>
    <UnitTestResult executionId="920b9497-ef35-4eef-992b-b7989fbe24ae" testId="789e4d8d-8cae-d3e4-e44f-8c4a3c580c2d" testName="OperationTest_AddsCorrectly" computerName="MONKEY-PC" duration="00:00:00.0031670" startTime="2009-09-14T09:45:25.8220000+01:00" endTime="2009-09-14T09:45:25.8290000+01:00" testType="13cdc9d9-ddb5-4fa4-a97d-d965ccfc6d4b" outcome="Passed" testListId="8c84fa94-04c1-424b-9868-57a2d4851a1d">
      <Output>
      </Output>
    </UnitTestResult>
    <UnitTestResult executionId="e088368d-65d8-48bf-bbbb-3d05f24cdb15" testId="05d28d50-2f3a-0ffd-856a-43ffcda9702a" testName="OperationTest_InvalidArgument" computerName="MONKEY-PC" duration="00:00:00.0723833" startTime="2009-09-14T09:45:25.8320000+01:00" endTime="2009-09-14T09:45:25.9090000+01:00" testType="13cdc9d9-ddb5-4fa4-a97d-d965ccfc6d4b" outcome="Failed" testListId="8c84fa94-04c1-424b-9868-57a2d4851a1d">
      <Output>
        <ErrorInfo>
          <Message>Test method Calculator.Tests.CalculationModelTest.OperationTest_InvalidArgument threw exception:  System.FormatException: Input string was not in a correct format..</Message>
          <StackTrace>    at System.Number.StringToNumber(String str, NumberStyles options, NumberBuffer&amp; number, NumberFormatInfo info, Boolean parseDecimal)
   at System.Number.ParseDouble(String value, NumberStyles options, NumberFormatInfo numfmt)
   at System.Double.Parse(String s, NumberStyles style, NumberFormatInfo info)
   at System.Convert.ToDouble(String value)
   at Calculator.Models.CalculationModel.ValidateOperand(String operand) in C:\Development\Calculator\Calculator\Models\CalculationModel.cs:line 113
   at Calculator.Models.CalculationModel..ctor(String firstOperand, String secondOperand, String operation) in C:\Development\Calculator\Calculator\Models\CalculationModel.cs:line 17
   at Calculator.Tests.CalculationModelTest.OperationTest_InvalidArgument() in C:\Development\Calculator\Calculator.Tests\CalculationModelTest.cs:line 116
</StackTrace>
        </ErrorInfo>
      </Output>
    </UnitTestResult>
    <UnitTestResult executionId="44d430a9-664e-4929-b6ca-812a57676361" testId="157b228c-46e5-bdac-563c-742fddf44fe9" testName="CalculatorViewModelConstructorTest" computerName="MONKEY-PC" duration="00:00:00.0328832" startTime="2009-09-14T09:45:25.9170000+01:00" endTime="2009-09-14T09:45:25.9530000+01:00" testType="13cdc9d9-ddb5-4fa4-a97d-d965ccfc6d4b" outcome="Inconclusive" testListId="8c84fa94-04c1-424b-9868-57a2d4851a1d">
      <Output>
        <ErrorInfo>
          <Message>Assert.Inconclusive failed. TODO: Implement code to verify target</Message>
          <StackTrace>   at Calculator.Tests.CalculatorViewModelTest.CalculatorViewModelConstructorTest() in C:\Development\Calculator\Calculator.Tests\CalculatorViewModelTest.cs:line 69
</StackTrace>
        </ErrorInfo>
      </Output>
    </UnitTestResult>
  </Results>
</TestRun>